<?xml version="1.0" encoding="UTF-8"?>
<!-- Generated by org.testng.reporters.JUnitXMLReporter -->
<testsuite ignored="0" hostname="ameensha" failures="0" tests="4" name="Default test" time="11.348" errors="0" timestamp="2020-06-15T14:13:22 EDT">
  <testcase classname="test_package.test" name="signon" time="0.956"/>
  <testcase classname="test_package.test" name="register" time="0.413"/>
  <testcase classname="test_package.test" name="emaill" time="1.164"/>
  <testcase classname="test_package.test" name="contact" time="0.058"/>
</testsuite> <!-- Default test -->
