<?xml version="1.0" encoding="UTF-8"?>
<!-- Generated by org.testng.reporters.JUnitXMLReporter -->
<testsuite ignored="0" hostname="ameensha" failures="0" tests="4" name="Test" time="9.787" errors="0" timestamp="2020-06-12T17:25:36 EDT">
  <testcase classname="test_package.test" name="signon" time="1.038"/>
  <testcase classname="test_package.test" name="register" time="0.407"/>
  <testcase classname="test_package.test" name="emaill" time="1.088"/>
  <testcase classname="test_package.test" name="contact" time="0.038"/>
</testsuite> <!-- Test -->
